# JRE version: Java(TM) SE Runtime Environment (8.0_05-b13) (build 1.8.0_05-b13)
# Java VM: Java HotSpot(TM) 64-Bit Server VM (25.5-b02 mixed mode windows-amd64 compressed oops)
Heap:
 PSYoungGen      total 115200K, used 46008K [0x00000000eab00000, 0x00000000f5680000, 0x0000000100000000)
  eden space 100352K, 31% used [0x00000000eab00000,0x00000000ec9a7010,0x00000000f0d00000)
  from space 14848K, 98% used [0x00000000f0d00000,0x00000000f1b47188,0x00000000f1b80000)
  to   space 17408K, 0% used [0x00000000f4580000,0x00000000f4580000,0x00000000f5680000)
 ParOldGen       total 129536K, used 61712K [0x00000000c0000000, 0x00000000c7e80000, 0x00000000eab00000)
  object space 129536K, 47% used [0x00000000c0000000,0x00000000c3c44308,0x00000000c7e80000)
 Metaspace       used 6554K, capacity 7416K, committed 7680K, reserved 1056768K
  class space    used 636K, capacity 688K, committed 768K, reserved 1048576K
GC Heap History (10 events):
Event: 2.142 GC heap before
{Heap before GC invocations=17 (full 0):
 PSYoungGen      total 58880K, used 57376K [0x00000000eab00000, 0x00000000eec80000, 0x0000000100000000)
  eden space 52224K, 100% used [0x00000000eab00000,0x00000000ede00000,0x00000000ede00000)
  from space 6656K, 77% used [0x00000000ee500000,0x00000000eea08000,0x00000000eeb80000)
  to   space 7168K, 0% used [0x00000000ede00000,0x00000000ede00000,0x00000000ee500000)
 ParOldGen       total 129536K, used 19786K [0x00000000c0000000, 0x00000000c7e80000, 0x00000000eab00000)
  object space 129536K, 15% used [0x00000000c0000000,0x00000000c1352930,0x00000000c7e80000)
 Metaspace       used 6087K, capacity 7024K, committed 7296K, reserved 1056768K
  class space    used 595K, capacity 616K, committed 640K, reserved 1048576K
Event: 2.161 GC heap after
Heap after GC invocations=17 (full 0):
 PSYoungGen      total 59392K, used 7152K [0x00000000eab00000, 0x00000000f0780000, 0x0000000100000000)
  eden space 52224K, 0% used [0x00000000eab00000,0x00000000eab00000,0x00000000ede00000)
  from space 7168K, 99% used [0x00000000ede00000,0x00000000ee4fc280,0x00000000ee500000)
  to   space 10752K, 0% used [0x00000000efd00000,0x00000000efd00000,0x00000000f0780000)
 ParOldGen       total 129536K, used 26414K [0x00000000c0000000, 0x00000000c7e80000, 0x00000000eab00000)
  object space 129536K, 20% used [0x00000000c0000000,0x00000000c19cb978,0x00000000c7e80000)
 Metaspace       used 6087K, capacity 7024K, committed 7296K, reserved 1056768K
  class space    used 595K, capacity 616K, committed 640K, reserved 1048576K
}
Event: 2.317 GC heap before
{Heap before GC invocations=18 (full 0):
 PSYoungGen      total 59392K, used 59376K [0x00000000eab00000, 0x00000000f0780000, 0x0000000100000000)
  eden space 52224K, 100% used [0x00000000eab00000,0x00000000ede00000,0x00000000ede00000)
  from space 7168K, 99% used [0x00000000ede00000,0x00000000ee4fc280,0x00000000ee500000)
  to   space 10752K, 0% used [0x00000000efd00000,0x00000000efd00000,0x00000000f0780000)
 ParOldGen       total 129536K, used 26414K [0x00000000c0000000, 0x00000000c7e80000, 0x00000000eab00000)
  object space 129536K, 20% used [0x00000000c0000000,0x00000000c19cb978,0x00000000c7e80000)
 Metaspace       used 6107K, capacity 7024K, committed 7296K, reserved 1056768K
  class space    used 595K, capacity 616K, committed 640K, reserved 1048576K
Event: 2.340 GC heap after
Heap after GC invocations=18 (full 0):
 PSYoungGen      total 82944K, used 8148K [0x00000000eab00000, 0x00000000f0980000, 0x0000000100000000)
  eden space 72192K, 0% used [0x00000000eab00000,0x00000000eab00000,0x00000000ef180000)
  from space 10752K, 75% used [0x00000000efd00000,0x00000000f04f53e0,0x00000000f0780000)
  to   space 11776K, 0% used [0x00000000ef180000,0x00000000ef180000,0x00000000efd00000)
 ParOldGen       total 129536K, used 33441K [0x00000000c0000000, 0x00000000c7e80000, 0x00000000eab00000)
  object space 129536K, 25% used [0x00000000c0000000,0x00000000c20a86d8,0x00000000c7e80000)
 Metaspace       used 6107K, capacity 7024K, committed 7296K, reserved 1056768K
  class space    used 595K, capacity 616K, committed 640K, reserved 1048576K
}
Event: 2.549 GC heap before
{Heap before GC invocations=19 (full 0):
 PSYoungGen      total 82944K, used 80340K [0x00000000eab00000, 0x00000000f0980000, 0x0000000100000000)
  eden space 72192K, 100% used [0x00000000eab00000,0x00000000ef180000,0x00000000ef180000)
  from space 10752K, 75% used [0x00000000efd00000,0x00000000f04f53e0,0x00000000f0780000)
  to   space 11776K, 0% used [0x00000000ef180000,0x00000000ef180000,0x00000000efd00000)
 ParOldGen       total 129536K, used 33441K [0x00000000c0000000, 0x00000000c7e80000, 0x00000000eab00000)
  object space 129536K, 25% used [0x00000000c0000000,0x00000000c20a86d8,0x00000000c7e80000)
 Metaspace       used 6205K, capacity 7064K, committed 7424K, reserved 1056768K
  class space    used 615K, capacity 656K, committed 768K, reserved 1048576K
Event: 2.571 GC heap after
Heap after GC invocations=19 (full 0):
 PSYoungGen      total 83968K, used 11089K [0x00000000eab00000, 0x00000000f2900000, 0x0000000100000000)
  eden space 72192K, 0% used [0x00000000eab00000,0x00000000eab00000,0x00000000ef180000)
  from space 11776K, 94% used [0x00000000ef180000,0x00000000efc54638,0x00000000efd00000)
  to   space 13824K, 0% used [0x00000000f1b80000,0x00000000f1b80000,0x00000000f2900000)
 ParOldGen       total 129536K, used 41181K [0x00000000c0000000, 0x00000000c7e80000, 0x00000000eab00000)
  object space 129536K, 31% used [0x00000000c0000000,0x00000000c2837750,0x00000000c7e80000)
 Metaspace       used 6205K, capacity 7064K, committed 7424K, reserved 1056768K
  class space    used 615K, capacity 656K, committed 768K, reserved 1048576K
}
Event: 2.712 GC heap before
{Heap before GC invocations=20 (full 0):
 PSYoungGen      total 83968K, used 83281K [0x00000000eab00000, 0x00000000f2900000, 0x0000000100000000)
  eden space 72192K, 100% used [0x00000000eab00000,0x00000000ef180000,0x00000000ef180000)
  from space 11776K, 94% used [0x00000000ef180000,0x00000000efc54638,0x00000000efd00000)
  to   space 13824K, 0% used [0x00000000f1b80000,0x00000000f1b80000,0x00000000f2900000)
 ParOldGen       total 129536K, used 41181K [0x00000000c0000000, 0x00000000c7e80000, 0x00000000eab00000)
  object space 129536K, 31% used [0x00000000c0000000,0x00000000c2837750,0x00000000c7e80000)
 Metaspace       used 6212K, capacity 7064K, committed 7424K, reserved 1056768K
  class space    used 615K, capacity 656K, committed 768K, reserved 1048576K
Event: 2.733 GC heap after
Heap after GC invocations=20 (full 0):
 PSYoungGen      total 114176K, used 10677K [0x00000000eab00000, 0x00000000f2b00000, 0x0000000100000000)
  eden space 100352K, 0% used [0x00000000eab00000,0x00000000eab00000,0x00000000f0d00000)
  from space 13824K, 77% used [0x00000000f1b80000,0x00000000f25ed4f0,0x00000000f2900000)
  to   space 14848K, 0% used [0x00000000f0d00000,0x00000000f0d00000,0x00000000f1b80000)
 ParOldGen       total 129536K, used 51804K [0x00000000c0000000, 0x00000000c7e80000, 0x00000000eab00000)
  object space 129536K, 39% used [0x00000000c0000000,0x00000000c32970f0,0x00000000c7e80000)
 Metaspace       used 6212K, capacity 7064K, committed 7424K, reserved 1056768K
  class space    used 615K, capacity 656K, committed 768K, reserved 1048576K
}
Event: 2.965 GC heap before
{Heap before GC invocations=21 (full 0):
 PSYoungGen      total 114176K, used 111029K [0x00000000eab00000, 0x00000000f2b00000, 0x0000000100000000)
  eden space 100352K, 100% used [0x00000000eab00000,0x00000000f0d00000,0x00000000f0d00000)
  from space 13824K, 77% used [0x00000000f1b80000,0x00000000f25ed4f0,0x00000000f2900000)
  to   space 14848K, 0% used [0x00000000f0d00000,0x00000000f0d00000,0x00000000f1b80000)
 ParOldGen       total 129536K, used 51804K [0x00000000c0000000, 0x00000000c7e80000, 0x00000000eab00000)
  object space 129536K, 39% used [0x00000000c0000000,0x00000000c32970f0,0x00000000c7e80000)
 Metaspace       used 6279K, capacity 7128K, committed 7424K, reserved 1056768K
  class space    used 620K, capacity 656K, committed 768K, reserved 1048576K
Event: 2.992 GC heap after
Heap after GC invocations=21 (full 0):
 PSYoungGen      total 115200K, used 14620K [0x00000000eab00000, 0x00000000f5680000, 0x0000000100000000)
  eden space 100352K, 0% used [0x00000000eab00000,0x00000000eab00000,0x00000000f0d00000)
  from space 14848K, 98% used [0x00000000f0d00000,0x00000000f1b47188,0x00000000f1b80000)
  to   space 17408K, 0% used [0x00000000f4580000,0x00000000f4580000,0x00000000f5680000)
 ParOldGen       total 129536K, used 61712K [0x00000000c0000000, 0x00000000c7e80000, 0x00000000eab00000)
  object space 129536K, 47% used [0x00000000c0000000,0x00000000c3c44308,0x00000000c7e80000)
 Metaspace       used 6279K, capacity 7128K, committed 7424K, reserved 1056768K
  class space    used 620K, capacity 656K, committed 768K, reserved 1048576K
}

